[2021-07-01 10:08:43Z INFO HostContext] No proxy settings were found based on environmental variables (http_proxy/https_proxy/HTTP_PROXY/HTTPS_PROXY)
[2021-07-01 10:08:43Z INFO HostContext] Well known directory 'Bin': '/home/siddhant.kumar.14/Test2/actions-runner/bin'
[2021-07-01 10:08:43Z INFO HostContext] Well known directory 'Root': '/home/siddhant.kumar.14/Test2/actions-runner'
[2021-07-01 10:08:43Z INFO HostContext] Well known config file 'Credentials': '/home/siddhant.kumar.14/Test2/actions-runner/.credentials'
[2021-07-01 10:08:43Z INFO Listener] Runner is built for Linux (X64) - linux-x64.
[2021-07-01 10:08:43Z INFO Listener] RuntimeInformation: Linux 4.9.0-13-amd64 #1 SMP Debian 4.9.228-1 (2020-07-05).
[2021-07-01 10:08:43Z INFO Listener] Version: 2.278.0
[2021-07-01 10:08:43Z INFO Listener] Commit: 62d926efce35d3ea16d7624a25aaa5b300737def
[2021-07-01 10:08:43Z INFO Listener] Culture: en-US
[2021-07-01 10:08:43Z INFO Listener] UI Culture: en-US
[2021-07-01 10:08:43Z INFO HostContext] Well known directory 'Bin': '/home/siddhant.kumar.14/Test2/actions-runner/bin'
[2021-07-01 10:08:43Z INFO HostContext] Well known directory 'Root': '/home/siddhant.kumar.14/Test2/actions-runner'
[2021-07-01 10:08:43Z INFO Listener] Validating directory permissions for: '/home/siddhant.kumar.14/Test2/actions-runner'
[2021-07-01 10:08:44Z INFO CommandLineParser] Parse
[2021-07-01 10:08:44Z INFO CommandLineParser] Parsing 1 args
[2021-07-01 10:08:44Z INFO CommandLineParser] parsing argument
[2021-07-01 10:08:44Z INFO CommandLineParser] HasArgs: False
[2021-07-01 10:08:44Z INFO CommandLineParser] Adding Command: run
[2021-07-01 10:08:44Z INFO Listener] Arguments parsed
[2021-07-01 10:08:44Z INFO Runner] ExecuteCommand
[2021-07-01 10:08:44Z INFO ConfigurationStore] currentAssemblyLocation: /home/siddhant.kumar.14/Test2/actions-runner/bin/Runner.Listener.dll
[2021-07-01 10:08:44Z INFO HostContext] Well known directory 'Bin': '/home/siddhant.kumar.14/Test2/actions-runner/bin'
[2021-07-01 10:08:44Z INFO ConfigurationStore] binPath: /home/siddhant.kumar.14/Test2/actions-runner/bin
[2021-07-01 10:08:44Z INFO HostContext] Well known directory 'Bin': '/home/siddhant.kumar.14/Test2/actions-runner/bin'
[2021-07-01 10:08:44Z INFO HostContext] Well known directory 'Root': '/home/siddhant.kumar.14/Test2/actions-runner'
[2021-07-01 10:08:44Z INFO ConfigurationStore] RootFolder: /home/siddhant.kumar.14/Test2/actions-runner
[2021-07-01 10:08:44Z INFO HostContext] Well known directory 'Bin': '/home/siddhant.kumar.14/Test2/actions-runner/bin'
[2021-07-01 10:08:44Z INFO HostContext] Well known directory 'Root': '/home/siddhant.kumar.14/Test2/actions-runner'
[2021-07-01 10:08:44Z INFO HostContext] Well known config file 'Runner': '/home/siddhant.kumar.14/Test2/actions-runner/.runner'
[2021-07-01 10:08:44Z INFO ConfigurationStore] ConfigFilePath: /home/siddhant.kumar.14/Test2/actions-runner/.runner
[2021-07-01 10:08:44Z INFO HostContext] Well known directory 'Bin': '/home/siddhant.kumar.14/Test2/actions-runner/bin'
[2021-07-01 10:08:44Z INFO HostContext] Well known directory 'Root': '/home/siddhant.kumar.14/Test2/actions-runner'
[2021-07-01 10:08:44Z INFO HostContext] Well known config file 'Credentials': '/home/siddhant.kumar.14/Test2/actions-runner/.credentials'
[2021-07-01 10:08:44Z INFO ConfigurationStore] CredFilePath: /home/siddhant.kumar.14/Test2/actions-runner/.credentials
[2021-07-01 10:08:44Z INFO HostContext] Well known directory 'Bin': '/home/siddhant.kumar.14/Test2/actions-runner/bin'
[2021-07-01 10:08:44Z INFO HostContext] Well known directory 'Root': '/home/siddhant.kumar.14/Test2/actions-runner'
[2021-07-01 10:08:44Z INFO HostContext] Well known config file 'MigratedCredentials': '/home/siddhant.kumar.14/Test2/actions-runner/.credentials_migrated'
[2021-07-01 10:08:44Z INFO ConfigurationStore] MigratedCredFilePath: /home/siddhant.kumar.14/Test2/actions-runner/.credentials_migrated
[2021-07-01 10:08:44Z INFO HostContext] Well known directory 'Bin': '/home/siddhant.kumar.14/Test2/actions-runner/bin'
[2021-07-01 10:08:44Z INFO HostContext] Well known directory 'Root': '/home/siddhant.kumar.14/Test2/actions-runner'
[2021-07-01 10:08:44Z INFO HostContext] Well known config file 'Service': '/home/siddhant.kumar.14/Test2/actions-runner/.service'
[2021-07-01 10:08:44Z INFO ConfigurationStore] ServiceConfigFilePath: /home/siddhant.kumar.14/Test2/actions-runner/.service
[2021-07-01 10:08:44Z INFO CommandSettings] Flag 'help': 'False'
[2021-07-01 10:08:44Z INFO CommandSettings] Flag 'version': 'False'
[2021-07-01 10:08:44Z INFO CommandSettings] Flag 'commit': 'False'
[2021-07-01 10:08:44Z INFO CommandSettings] Flag 'check': 'False'
[2021-07-01 10:08:44Z INFO CommandSettings] Command 'configure': 'False'
[2021-07-01 10:08:44Z INFO CommandSettings] Command 'remove': 'False'
[2021-07-01 10:08:44Z INFO CommandSettings] Command 'warmup': 'False'
[2021-07-01 10:08:44Z INFO ConfigurationManager] LoadSettings
[2021-07-01 10:08:44Z INFO ConfigurationStore] IsConfigured()
[2021-07-01 10:08:44Z INFO ConfigurationStore] IsConfigured: True
[2021-07-01 10:08:44Z INFO ConfigurationManager] Is configured: True
[2021-07-01 10:08:44Z INFO ConfigurationStore] Read setting file: 291 chars
[2021-07-01 10:08:44Z INFO ConfigurationManager] Settings Loaded
[2021-07-01 10:08:44Z INFO ConfigurationStore] IsServiceConfigured()
[2021-07-01 10:08:44Z INFO ConfigurationStore] IsServiceConfigured: False
[2021-07-01 10:08:44Z INFO CommandSettings] Command 'run': 'True'
[2021-07-01 10:08:44Z INFO ConfigurationStore] IsConfigured()
[2021-07-01 10:08:44Z INFO ConfigurationStore] IsConfigured: True
[2021-07-01 10:08:44Z INFO ConfigurationManager] Is configured: True
[2021-07-01 10:08:44Z INFO Runner] Could not parse the argument value '' for StartupType. Defaulting to Manual
[2021-07-01 10:08:44Z INFO Runner] Set runner startup type - Manual
[2021-07-01 10:08:44Z INFO CommandSettings] Flag 'once': 'False'
[2021-07-01 10:08:44Z INFO Runner] RunAsync
[2021-07-01 10:08:44Z INFO ConfigurationManager] LoadSettings
[2021-07-01 10:08:44Z INFO ConfigurationStore] IsConfigured()
[2021-07-01 10:08:44Z INFO ConfigurationStore] IsConfigured: True
[2021-07-01 10:08:44Z INFO ConfigurationManager] Is configured: True
[2021-07-01 10:08:44Z INFO ConfigurationManager] Settings Loaded
[2021-07-01 10:08:44Z INFO MessageListener] {
  "AgentId": 2,
  "AgentName": "ml-experiment",
  "PoolId": 1,
  "PoolName": "Default",
  "ServerUrl": "https://pipelines.actions.githubusercontent.com/3BTWCpzLYkvu1NzPHUzB4FPWbQngBBR0gwUACze7PhQFAYAljY",
  "GitHubUrl": "https://github.com/SiddhantKumar14/Test2",
  "WorkFolder": "_work"
}
[2021-07-01 10:08:44Z INFO MessageListener] Loading Credentials
[2021-07-01 10:08:44Z INFO ConfigurationStore] HasCredentials()
[2021-07-01 10:08:44Z INFO ConfigurationStore] stored True
[2021-07-01 10:08:44Z INFO CredentialManager] GetCredentialProvider
[2021-07-01 10:08:44Z INFO CredentialManager] Creating type OAuth
[2021-07-01 10:08:44Z INFO CredentialManager] Creating credential type: OAuth
[2021-07-01 10:08:44Z INFO HostContext] Well known directory 'Bin': '/home/siddhant.kumar.14/Test2/actions-runner/bin'
[2021-07-01 10:08:44Z INFO HostContext] Well known directory 'Root': '/home/siddhant.kumar.14/Test2/actions-runner'
[2021-07-01 10:08:44Z INFO HostContext] Well known config file 'RSACredentials': '/home/siddhant.kumar.14/Test2/actions-runner/.credentials_rsaparams'
[2021-07-01 10:08:44Z INFO RSAFileKeyManager] Loading RSA key parameters from file /home/siddhant.kumar.14/Test2/actions-runner/.credentials_rsaparams
[2021-07-01 10:08:44Z INFO MessageListener] Attempt to create session.
[2021-07-01 10:08:44Z INFO MessageListener] Connecting to the Runner Server...
[2021-07-01 10:08:44Z INFO RunnerServer] Establish connection with 100 seconds timeout.
[2021-07-01 10:08:44Z INFO GitHubActionsService] Starting operation Location.GetConnectionData
[2021-07-01 10:08:44Z INFO RunnerServer] Establish connection with 60 seconds timeout.
[2021-07-01 10:08:44Z INFO GitHubActionsService] Starting operation Location.GetConnectionData
[2021-07-01 10:08:44Z INFO RunnerServer] Establish connection with 60 seconds timeout.
[2021-07-01 10:08:44Z INFO GitHubActionsService] Starting operation Location.GetConnectionData
[2021-07-01 10:08:45Z INFO GitHubActionsService] Finished operation Location.GetConnectionData
[2021-07-01 10:08:45Z INFO GitHubActionsService] Finished operation Location.GetConnectionData
[2021-07-01 10:08:45Z INFO GitHubActionsService] Finished operation Location.GetConnectionData
[2021-07-01 10:08:45Z INFO MessageListener] VssConnection created
[2021-07-01 10:08:45Z INFO Terminal] WRITE LINE: 
[2021-07-01 10:08:45Z INFO Terminal] WRITE LINE: 
[2021-07-01 10:08:45Z WARN GitHubActionsService] Authentication failed with status code 401.
Transfer-Encoding: chunked
WWW-Authenticate: Bearer
Strict-Transport-Security: max-age=2592000
X-TFS-ProcessId: cc38a00e-16e8-4ab3-8347-4d174fee229c
ActivityId: 7729dbce-c2a4-49fc-9f7f-25b625864a91
X-TFS-Session: e6ed4d18-0e69-4748-bbd3-c63c02fd3d14
X-VSS-E2EID: 580787b7-93a0-4743-bfc4-658422ea8223
X-VSS-SenderDeploymentId: 6074703f-c195-632a-bd61-21691fc86fa5
X-TFS-ServiceError: The+user+%27System%3aPublicAccess%3baaaaaaaa-aaaa-aaaa-aaaa-aaaaaaaaaaaa%27+is+not+authorized+to+access+this+resource.
X-VSS-S2STargetService: 0000005A-0000-8888-8000-000000000000/visualstudio.com
X-Cache: CONFIG_NOCACHE
X-MSEdge-Ref: Ref A: 784C8E87AFB247DBB1487147C898E3AF Ref B: CHGEDGE1718 Ref C: 2021-07-01T10:08:45Z
Date: Thu, 01 Jul 2021 10:08:45 GMT

[2021-07-01 10:08:45Z INFO RSAFileKeyManager] Loading RSA key parameters from file /home/siddhant.kumar.14/Test2/actions-runner/.credentials_rsaparams
[2021-07-01 10:08:45Z INFO RSAFileKeyManager] Loading RSA key parameters from file /home/siddhant.kumar.14/Test2/actions-runner/.credentials_rsaparams
[2021-07-01 10:08:45Z INFO GitHubActionsService] AAD Correlation ID for this token request: Unknown
[2021-07-01 10:08:45Z INFO MessageListener] Session created.
[2021-07-01 10:08:45Z INFO Terminal] WRITE LINE: 2021-07-01 10:08:45Z: Listening for Jobs
[2021-07-01 10:08:45Z INFO JobDispatcher] Set runner/worker IPC timeout to 30 seconds.
